<?xml version="1.0" encoding="UTF-8"?>
<!-- Generated by org.testng.reporters.JUnitReportReporter -->
<testsuite skipped="0" hostname="Kannu-PC" name="pom_property_file.TC_001_Login_Functionality_Validation" tests="1" failures="0" timestamp="22 Oct 2017 03:46:06 GMT" time="12.930" errors="0">
  <testcase name="tcase1" time="12.930" classname="pom_property_file.TC_001_Login_Functionality_Validation"/>
</testsuite> <!-- pom_property_file.TC_001_Login_Functionality_Validation -->
