<?xml version="1.0" encoding="UTF-8"?>
<!-- Generated by org.testng.reporters.JUnitReportReporter -->
<testsuite skipped="0" hostname="Kannu-PC" name="webdriver_practice.Unordered_List" tests="1" failures="0" timestamp="10 Oct 2017 10:40:14 GMT" time="29.772" errors="0">
  <testcase name="tc001" time="29.772" classname="webdriver_practice.Unordered_List"/>
</testsuite> <!-- webdriver_practice.Unordered_List -->
