<?xml version="1.0" encoding="UTF-8"?>
<!-- Generated by org.testng.reporters.JUnitReportReporter -->
<testsuite skipped="0" hostname="Kannu-PC" name="webdriver_practice.Wait_Explicit" tests="1" failures="0" timestamp="10 Oct 2017 10:23:30 GMT" time="19.680" errors="0">
  <testcase name="tc001" time="19.680" classname="webdriver_practice.Wait_Explicit"/>
</testsuite> <!-- webdriver_practice.Wait_Explicit -->
