<?xml version="1.0" encoding="UTF-8"?>
<!-- Generated by org.testng.reporters.JUnitReportReporter -->
<testsuite hostname="DESKTOP-MROTK63" failures="0" tests="1" name="webdriver_practice.Test123" time="52.998" errors="0" timestamp="2021-03-29T17:20:55 EDT" skipped="0">
  <testcase classname="webdriver_practice.Test123" name="computedStyle" time="52.998"/>
  <system-out/>
</testsuite> <!-- webdriver_practice.Test123 -->
