<?xml version="1.0" encoding="UTF-8"?>
<!-- Generated by org.testng.reporters.JUnitReportReporter -->
<testsuite skipped="0" hostname="Kannu-PC" name="webdriver_practice.AAA" tests="1" failures="0" timestamp="18 Oct 2017 07:35:38 GMT" time="19.988" errors="0">
  <testcase name="tcase" time="19.988" classname="webdriver_practice.AAA"/>
</testsuite> <!-- webdriver_practice.AAA -->
