<?xml version="1.0" encoding="UTF-8"?>
<!-- Generated by org.testng.reporters.JUnitReportReporter -->
<testsuite hostname="DESKTOP-MROTK63" failures="0" tests="1" name="webdriver_practice.AJAX_Google" time="15.105" errors="0" timestamp="2021-01-11T18:59:04 EST" skipped="0">
  <testcase classname="webdriver_practice.AJAX_Google" name="tc001" time="15.105"/>
  <system-out/>
</testsuite> <!-- webdriver_practice.AJAX_Google -->
