<?xml version="1.0" encoding="UTF-8"?>
<!-- Generated by org.testng.reporters.JUnitReportReporter -->
<testsuite hostname="DESKTOP-MROTK63" failures="0" tests="2" name="TestNG.Cross_Browser" time="8.270" errors="0" timestamp="2021-02-18T13:45:27 EST" skipped="0">
  <testcase classname="TestNG.Cross_Browser" name="test1" time="0.023"/>
  <system-out/>
  <testcase classname="TestNG.Cross_Browser" name="test1" time="8.247"/>
  <system-out/>
</testsuite> <!-- TestNG.Cross_Browser -->
