<?xml version="1.0" encoding="UTF-8"?>
<!-- Generated by org.testng.reporters.JUnitReportReporter -->
<testsuite hostname="DESKTOP-MROTK63" failures="0" tests="4" name="weekend.TestNG" time="0.017" errors="0" timestamp="2021-02-18T14:32:29 EST" skipped="0">
  <testcase classname="weekend.TestNG" name="tcase1" time="0.013"/>
  <system-out/>
  <testcase classname="weekend.TestNG" name="tcase4" time="0.002"/>
  <system-out/>
  <testcase classname="weekend.TestNG" name="tcase2" time="0.001"/>
  <system-out/>
  <testcase classname="weekend.TestNG" name="tcase3" time="0.001"/>
  <system-out/>
</testsuite> <!-- weekend.TestNG -->
