<?xml version="1.0" encoding="UTF-8"?>
<!-- Generated by org.testng.reporters.JUnitReportReporter -->
<testsuite skipped="0" hostname="Kannu-PC" name="TestNG_parallel.TestNG_Parallel" tests="4" failures="0" timestamp="12 Oct 2017 09:59:23 GMT" time="0.063" errors="0">
  <testcase name="testCase3" time="0.007" classname="TestNG_parallel.TestNG_Parallel"/>
  <testcase name="testCase4" time="0.006" classname="TestNG_parallel.TestNG_Parallel"/>
  <testcase name="testCase1" time="0.031" classname="TestNG_parallel.TestNG_Parallel"/>
  <testcase name="testCase2" time="0.019" classname="TestNG_parallel.TestNG_Parallel"/>
</testsuite> <!-- TestNG_parallel.TestNG_Parallel -->
