<?xml version="1.0" encoding="UTF-8"?>
<!-- Generated by org.testng.reporters.JUnitReportReporter -->
<testsuite hostname="DESKTOP-MROTK63" failures="0" tests="6" name="TestNG.Grouping_Methods" time="0.016" errors="0" timestamp="2021-02-18T16:20:07 EST" skipped="0">
  <testcase classname="TestNG.Grouping_Methods" name="login" time="0.007"/>
  <system-out/>
  <testcase classname="TestNG.Grouping_Methods" name="search" time="0.001"/>
  <system-out/>
  <testcase classname="TestNG.Grouping_Methods" name="advancedSearch" time="0.001"/>
  <system-out/>
  <testcase classname="TestNG.Grouping_Methods" name="createProfile" time="0.004"/>
  <system-out/>
  <testcase classname="TestNG.Grouping_Methods" name="deleteProfile" time="0.001"/>
  <system-out/>
  <testcase classname="TestNG.Grouping_Methods" name="logout" time="0.002"/>
  <system-out/>
</testsuite> <!-- TestNG.Grouping_Methods -->
