<?xml version="1.0" encoding="UTF-8"?>
<!-- Generated by org.testng.reporters.JUnitReportReporter -->
<testsuite skipped="0" hostname="Kannu-PC" name="webdriver_practice.AJAX_Unordered_List" tests="1" failures="0" timestamp="12 Oct 2017 09:22:06 GMT" time="23.630" errors="0">
  <testcase name="tc001" time="23.630" classname="webdriver_practice.AJAX_Unordered_List"/>
</testsuite> <!-- webdriver_practice.AJAX_Unordered_List -->
