<?xml version="1.0" encoding="UTF-8"?>
<!-- Generated by org.testng.reporters.JUnitReportReporter -->
<testsuite skipped="0" hostname="Kannu-PC" name="webdriver_practice.Dropdown_CSS_Actions_Mouse" tests="1" failures="0" timestamp="22 Oct 2017 14:20:40 GMT" time="18.291" errors="0">
  <testcase name="tcase" time="18.291" classname="webdriver_practice.Dropdown_CSS_Actions_Mouse"/>
</testsuite> <!-- webdriver_practice.Dropdown_CSS_Actions_Mouse -->
